(0000) 3000  0011000000000000 (   1)                 .ORIG x3000
(3000) E0DE  1110000011011110 (   2)                 LEA   R0 MESSAGE
(3001) F022  1111000000100010 (   3)                 TRAP  x22
(3002) 20D7  0010000011010111 (   4)                 LD    R0 SPACE
(3003) F021  1111000000100001 (   5)                 TRAP  x21
(3004) 26D2  0010011011010010 (  12)                 LD    R3 ARRAY
(3005) 24D3  0010010011010011 (  13)                 LD    R2 COUNT
(3006) 5260  0101001001100000 (  14)                 AND   R1 R1 #0
(3007) 5020  0101000000100000 (  19) LOOP            AND   R0 R0 #0
(3008) 5A20  0101101000100000 (  20)                 AND   R5 R0 #0
(3009) 5820  0101100000100000 (  21)                 AND   R4 R0 #0
(300A) F020  1111000000100000 (  23)                 TRAP  x20
(300B) F021  1111000000100001 (  24)                 TRAP  x21
(300C) 4882  0100100010000010 (  25)                 JSR   DECODE
(300D) B0C7  1011000011000111 (  26)                 STI   R0 HOLD1
(300E) 4850  0100100001010000 (  27)                 JSR   MULT
(300F) 5020  0101000000100000 (  31)                 AND   R0 R0 #0
(3010) F020  1111000000100000 (  32)                 TRAP  x20
(3011) F021  1111000000100001 (  33)                 TRAP  x21
(3012) 487C  0100100001111100 (  34)                 JSR   DECODE
(3013) B8BE  1011100010111110 (  36)                 STI   R4 TEMP
(3014) A8C0  1010100011000000 (  37)                 LDI   R4 HOLD1
(3015) B0C0  1011000011000000 (  38)                 STI   R0 HOLD2
(3016) 4854  0100100001010100 (  39)                 JSR   GRADES
(3017) A8BA  1010100010111010 (  40) RES             LDI   R4 TEMP
(3018) A0BD  1010000010111101 (  41)                 LDI   R0 HOLD2
(3019) 5B60  0101101101100000 (  43)                 AND   R5 R5 #0
(301A) 1B00  0001101100000000 (  44)                 ADD   R5 R4 R0
(301B) 1240  0001001001000000 (  46)                 ADD   R1 R1 R0
(301C) 1244  0001001001000100 (  47)                 ADD   R1 R1 R4
(301D) BAB6  1011101010110110 (  49)                 STI   R5 VALUE
(301E) 20BB  0010000010111011 (  50)                 LD    R0 SPACE
(301F) F021  1111000000100001 (  51)                 TRAP  x21
(3020) 5020  0101000000100000 (  52)                 AND   R0 R0 #0
(3021) A0B2  1010000010110010 (  53)                 LDI   R0 VALUE
(3022) 70C0  0111000011000000 (  56)                 STR   R0 R3 #0
(3023) 16E1  0001011011100001 (  57)                 ADD   R3 R3 #1
(3024) 14BF  0001010010111111 (  58)                 ADD   R2 R2 #-1
(3025) 03E1  0000001111100001 (  59)                 BRP   LOOP
(3026) B2AB  1011001010101011 (  61)                 STI   R1 TEMP
(3027) 5920  0101100100100000 (  62)                 AND   R4 R4 #0
(3028) 54A0  0101010010100000 (  63)                 AND   R2 R2 #0
(3029) 14A5  0001010010100101 (  64)                 ADD   R2 R2 #5
(302A) 56E0  0101011011100000 (  65)                 AND   R3 R3 #0
(302B) 4839  0100100000111001 (  68)                 JSR   DIVISION
(302C) B6A4  1011011010100100 (  69)                 STI   R3 AVERAGE
(302D) E0C3  1110000011000011 (  70)                 LEA   R0 MESSAGE2
(302E) F022  1111000000100010 (  71)                 TRAP  x22
(302F) A0A1  1010000010100001 (  72)                 LDI   R0 AVERAGE
(3030) 4868  0100100001101000 (  73)                 JSR   SPLIT
(3031) 5020  0101000000100000 (  79)                 AND   R0 R0 #0
(3032) 1060  0001000001100000 (  80)                 ADD   R0 R1 #0
(3033) 1860  0001100001100000 (  81)                 ADD   R4 R1 #0
(3034) 485F  0100100001011111 (  82)                 JSR   ENCODE
(3035) F021  1111000000100001 (  83)                 TRAP  x21
(3036) 5020  0101000000100000 (  86)                 AND   R0 R0 #0
(3037) 10A0  0001000010100000 (  87)                 ADD   R0 R2 #0
(3038) 485B  0100100001011011 (  88)                 JSR   ENCODE
(3039) F021  1111000000100001 (  89)                 TRAP  x21
(303A) 4830  0100100000110000 (  90)                 JSR   GRADES
(303B) 483A  0100100000111010 (  92)                 JSR   STACK
(303C) 486A  0100100001101010 (  95)                 JSR   MAX
(303D) 209C  0010000010011100 (  96)                 LD    R0 SPACE
(303E) F021  1111000000100001 (  97)                 TRAP  x21
(303F) E0C6  1110000011000110 (  98)                 LEA   R0 MESSAGE3
(3040) F022  1111000000100010 (  99)                 TRAP  x22
(3041) A08A  1010000010001010 ( 100)                 LDI   R0 MAX_VAL
(3042) 4856  0100100001010110 ( 101)                 JSR   SPLIT
(3043) 5020  0101000000100000 ( 104)                 AND   R0 R0 #0
(3044) 1060  0001000001100000 ( 105)                 ADD   R0 R1 #0
(3045) 1860  0001100001100000 ( 106)                 ADD   R4 R1 #0
(3046) 484D  0100100001001101 ( 107)                 JSR   ENCODE
(3047) F021  1111000000100001 ( 108)                 TRAP  x21
(3048) 5020  0101000000100000 ( 111)                 AND   R0 R0 #0
(3049) 10A0  0001000010100000 ( 112)                 ADD   R0 R2 #0
(304A) 4849  0100100001001001 ( 113)                 JSR   ENCODE
(304B) F021  1111000000100001 ( 114)                 TRAP  x21
(304C) 481E  0100100000011110 ( 115)                 JSR   GRADES
(304D) 4873  0100100001110011 ( 118)                 JSR   MIN
(304E) 208B  0010000010001011 ( 119)                 LD    R0 SPACE
(304F) F021  1111000000100001 ( 120)                 TRAP  x21
(3050) E0CE  1110000011001110 ( 121)                 LEA   R0 MESSAGE4
(3051) F022  1111000000100010 ( 122)                 TRAP  x22
(3052) A07A  1010000001111010 ( 123)                 LDI   R0 MIN_VAL
(3053) 4845  0100100001000101 ( 124)                 JSR   SPLIT
(3054) 5020  0101000000100000 ( 127)                 AND   R0 R0 #0
(3055) 1060  0001000001100000 ( 128)                 ADD   R0 R1 #0
(3056) 1860  0001100001100000 ( 129)                 ADD   R4 R1 #0
(3057) 483C  0100100000111100 ( 130)                 JSR   ENCODE
(3058) F021  1111000000100001 ( 131)                 TRAP  x21
(3059) 5020  0101000000100000 ( 134)                 AND   R0 R0 #0
(305A) 10A0  0001000010100000 ( 135)                 ADD   R0 R2 #0
(305B) 4838  0100100000111000 ( 136)                 JSR   ENCODE
(305C) F021  1111000000100001 ( 137)                 TRAP  x21
(305D) 480D  0100100000001101 ( 138)                 JSR   GRADES
(305E) F025  1111000000100101 ( 140)                 TRAP  x25
(305F) 2C78  0010110001111000 ( 149) MULT            LD    R6 COUNTER
(3060) 5920  0101100100100000 ( 150)                 AND   R4 R4 #0
(3061) 1900  0001100100000000 ( 151) MULTLOOP        ADD   R4 R4 R0
(3062) 1DBF  0001110110111111 ( 152)                 ADD   R6 R6 #-1
(3063) 03FD  0000001111111101 ( 153)                 BRP   MULTLOOP
(3064) C1C0  1100000111000000 ( 155)                 RET   
(3065) 94BF  1001010010111111 ( 163) DIVISION        NOT   R2 R2
(3066) 14A1  0001010010100001 ( 164)                 ADD   R2 R2 #1
(3067) 16E1  0001011011100001 ( 165) DIVISIONLOOP    ADD   R3 R3 #1
(3068) 1242  0001001001000010 ( 166)                 ADD   R1 R1 R2
(3069) 03FD  0000001111111101 ( 168)                 BRP   DIVISIONLOOP
(306A) C1C0  1100000111000000 ( 170)                 RET   
(306B) 3E6F  0011111001101111 ( 177) GRADES          ST    R7 SAVE
(306C) 5020  0101000000100000 ( 178)                 AND   R0 R0 #0
(306D) E0CA  1110000011001010 ( 179)                 LEA   R0 STRINGZ_ARRAY
(306E) 1920  0001100100100000 ( 180)                 ADD   R4 R4 #0
(306F) 0403  0000010000000011 ( 181) LOOPL           BRZ   DISPLAY
(3070) 1022  0001000000100010 ( 182)                 ADD   R0 R0 #2
(3071) 193F  0001100100111111 ( 183)                 ADD   R4 R4 #-1
(3072) 0FFC  0000111111111100 ( 184)                 BRNZP LOOPL
(3073) F022  1111000000100010 ( 185) DISPLAY         TRAP  x22
(3074) 2E66  0010111001100110 ( 186)                 LD    R7 SAVE
(3075) C1C0  1100000111000000 ( 187)                 RET   
(3076) 5260  0101001001100000 ( 198) STACK           AND   R1 R1 #0
(3077) 54A0  0101010010100000 ( 199)                 AND   R2 R2 #0
(3078) 3E63  0011111001100011 ( 201)                 ST    R7 SAVE1
(3079) 245D  0010010001011101 ( 202)                 LD    R2 ARRAY
(307A) 1265  0001001001100101 ( 203)                 ADD   R1 R1 #5
(307B) 6080  0110000010000000 ( 205) LOOPS           LDR   R0 R2 #0
(307C) 14A1  0001010010100001 ( 206)                 ADD   R2 R2 #1
(307D) 4804  0100100000000100 ( 207)                 JSR   PUSH
(307E) 127F  0001001001111111 ( 208)                 ADD   R1 R1 #-1
(307F) 03FB  0000001111111011 ( 209)                 BRP   LOOPS
(3080) 2E5B  0010111001011011 ( 210)                 LD    R7 SAVE1
(3081) C1C0  1100000111000000 ( 211)                 RET   
(3082) 2C5A  0010110001011010 ( 214) PUSH            LD    R6 STACK_LOC
(3083) 1DBF  0001110110111111 ( 215)                 ADD   R6 R6 #-1
(3084) 7180  0111000110000000 ( 216)                 STR   R0 R6 #0
(3085) 3C57  0011110001010111 ( 217)                 ST    R6 STACK_LOC
(3086) C1C0  1100000111000000 ( 218)                 RET   
(3087) 2C55  0010110001010101 ( 221) POP             LD    R6 STACK_LOC
(3088) 6180  0110000110000000 ( 222)                 LDR   R0 R6 #0
(3089) 1DA1  0001110110100001 ( 223)                 ADD   R6 R6 #1
(308A) 3C52  0011110001010010 ( 224)                 ST    R6 STACK_LOC
(308B) C1C0  1100000111000000 ( 225)                 RET   
(308C) 2C50  0010110001010000 ( 227) RESET           LD    R6 STACK_LOC
(308D) 1DBB  0001110110111011 ( 228)                 ADD   R6 R6 #-5
(308E) BC3C  1011110000111100 ( 229)                 STI   R6 CHECK
(308F) 1031  0001000000110001 ( 234) DECODE          ADD   R0 R0 #-15
(3090) 1031  0001000000110001 ( 235)                 ADD   R0 R0 #-15
(3091) 1031  0001000000110001 ( 236)                 ADD   R0 R0 #-15
(3092) 103D  0001000000111101 ( 237)                 ADD   R0 R0 #-3
(3093) C1C0  1100000111000000 ( 238)                 RET   
(3094) 102F  0001000000101111 ( 243) ENCODE          ADD   R0 R0 #15
(3095) 102F  0001000000101111 ( 244)                 ADD   R0 R0 #15
(3096) 102F  0001000000101111 ( 245)                 ADD   R0 R0 #15
(3097) 1023  0001000000100011 ( 246)                 ADD   R0 R0 #3
(3098) C1C0  1100000111000000 ( 247)                 RET   
(3099) 56E0  0101011011100000 ( 258) SPLIT           AND   R3 R3 #0
(309A) 5260  0101001001100000 ( 259)                 AND   R1 R1 #0
(309B) 54A0  0101010010100000 ( 260)                 AND   R2 R2 #0
(309C) B041  1011000001000001 ( 261)                 STI   R0 REACH
(309D) 16E1  0001011011100001 ( 264) LOOP_SPLIT      ADD   R3 R3 #1
(309E) 1036  0001000000110110 ( 265)                 ADD   R0 R0 #-10
(309F) 07FD  0000011111111101 ( 266)                 BRZP  LOOP_SPLIT
(30A0) 12FF  0001001011111111 ( 268)                 ADD   R1 R3 #-1
(30A1) B203  1011001000000011 ( 269)                 STI   R1 X
(30A2) 142A  0001010000101010 ( 270)                 ADD   R2 R0 #10
(30A3) B402  1011010000000010 ( 271)                 STI   R2 Y
(30A4) C1C0  1100000111000000 ( 272)                 RET   
(30A5) 3505  0011010100000101 ( 274) X               .FILL x3505
(30A6) 3506  0011010100000110 ( 275) Y               .FILL x3506
(30A7) 3E28  0011111000101000 ( 290) MAX             ST    R7 SB
(30A8) 5020  0101000000100000 ( 291)                 AND   R0 R0 #0
(30A9) 5260  0101001001100000 ( 292)                 AND   R1 R1 #0
(30AA) 56E0  0101011011100000 ( 293)                 AND   R3 R3 #0
(30AB) 5B60  0101101101100000 ( 294)                 AND   R5 R5 #0
(30AC) 54A0  0101010010100000 ( 295)                 AND   R2 R2 #0
(30AD) 1B64  0001101101100100 ( 296)                 ADD   R5 R5 #4
(30AE) 4FD8  0100111111011000 ( 297)                 JSR   POP
(30AF) B01C  1011000000011100 ( 298)                 STI   R0 MAX_VAL
(30B0) A21B  1010001000011011 ( 299)                 LDI   R1 MAX_VAL
(30B1) 16C0  0001011011000000 ( 300)                 ADD   R3 R3 R0
(30B2) 480E  0100100000001110 ( 302) LOOP_MAX        JSR   MIN
(30B3) 54A0  0101010010100000 ( 303)                 AND   R2 R2 #0
(30B4) 1B7F  0001101101111111 ( 304)                 ADD   R5 R5 #-1
(30B5) 5020  0101000000100000 ( 305)                 AND   R0 R0 #0
(30B6) 4FD0  0100111111010000 ( 306)                 JSR   POP
(30B7) 96FF  1001011011111111 ( 308)                 NOT   R3 R3
(30B8) 16E1  0001011011100001 ( 309)                 ADD   R3 R3 #1
(30B9) 14C0  0001010011000000 ( 310)                 ADD   R2 R3 R0
(30BA) 0801  0000100000000001 ( 312)                 BRN   MAX_V
(30BB) B010  1011000000010000 ( 313)                 STI   R0 MAX_VAL
(30BC) A60F  1010011000001111 ( 314) MAX_V           LDI   R3 MAX_VAL
(30BD) 1B60  0001101101100000 ( 315)                 ADD   R5 R5 #0
(30BE) 03F3  0000001111110011 ( 316)                 BRP   LOOP_MAX
(30BF) 2E10  0010111000010000 ( 317)                 LD    R7 SB
(30C0) C1C0  1100000111000000 ( 318)                 RET   
(30C1) 3E0D  0011111000001101 ( 332) MIN             ST    R7 SA
(30C2) 5920  0101100100100000 ( 334)                 AND   R4 R4 #0
(30C3) 927F  1001001001111111 ( 336)                 NOT   R1 R1
(30C4) 1261  0001001001100001 ( 337)                 ADD   R1 R1 #1
(30C5) 1840  0001100001000000 ( 338)                 ADD   R4 R1 R0
(30C6) 0201  0000001000000001 ( 339)                 BRP   MIN_V
(30C7) B005  1011000000000101 ( 340)                 STI   R0 MIN_VAL
(30C8) A204  1010001000000100 ( 342) MIN_V           LDI   R1 MIN_VAL
(30C9) 2E05  0010111000000101 ( 343)                 LD    R7 SA
(30CA) C1C0  1100000111000000 ( 344)                 RET   
(30CB) 3515  0011010100010101 ( 348) CHECK           .FILL x3515
(30CC) 3510  0011010100010000 ( 349) MAX_VAL         .FILL x3510
(30CD) 3511  0011010100010001 ( 350) MIN_VAL         .FILL x3511
(30CE) 3512  0011010100010010 ( 351) ABS             .FILL x3512
(30CF) 0000  0000000000000000 ( 354) SA              .FILL x0000
(30D0) 0000  0000000000000000 ( 355) SB              .FILL x0000
(30D1) 3402  0011010000000010 ( 357) AVERAGE         .FILL x3402
(30D2) 3400  0011010000000000 ( 358) TEMP            .FILL x3400
(30D3) 3403  0011010000000011 ( 359) LETTER          .FILL x3403
(30D4) 3401  0011010000000001 ( 360) VALUE           .FILL x3401
(30D5) 3406  0011010000000110 ( 361) HOLD1           .FILL x3406
(30D6) 3407  0011010000000111 ( 362) HOLD2           .FILL x3407
(30D7) 3500  0011010100000000 ( 363) ARRAY           .FILL x3500
(30D8) 000A  0000000000001010 ( 364) COUNTER         .FILL x000A
(30D9) 0005  0000000000000101 ( 365) COUNT           .FILL x0005
(30DA) 000A  0000000000001010 ( 366) SPACE           .FILL x000A
(30DB) 0000  0000000000000000 ( 367) SAVE            .FILL x0000
(30DC) 0000  0000000000000000 ( 368) SAVE1           .FILL x0000
(30DD) 4000  0100000000000000 ( 369) STACK_LOC       .FILL x4000
(30DE) 3517  0011010100010111 ( 370) REACH           .FILL x3517
(30DF) 0045  0000000001000101 ( 371) MESSAGE         .FILL x0045
(30E0) 004E  0000000001001110 ( 371)                 .FILL x004E
(30E1) 0054  0000000001010100 ( 371)                 .FILL x0054
(30E2) 0045  0000000001000101 ( 371)                 .FILL x0045
(30E3) 0052  0000000001010010 ( 371)                 .FILL x0052
(30E4) 0020  0000000000100000 ( 371)                 .FILL x0020
(30E5) 0054  0000000001010100 ( 371)                 .FILL x0054
(30E6) 0045  0000000001000101 ( 371)                 .FILL x0045
(30E7) 0053  0000000001010011 ( 371)                 .FILL x0053
(30E8) 0054  0000000001010100 ( 371)                 .FILL x0054
(30E9) 0020  0000000000100000 ( 371)                 .FILL x0020
(30EA) 0053  0000000001010011 ( 371)                 .FILL x0053
(30EB) 0043  0000000001000011 ( 371)                 .FILL x0043
(30EC) 004F  0000000001001111 ( 371)                 .FILL x004F
(30ED) 0052  0000000001010010 ( 371)                 .FILL x0052
(30EE) 0045  0000000001000101 ( 371)                 .FILL x0045
(30EF) 0053  0000000001010011 ( 371)                 .FILL x0053
(30F0) 0000  0000000000000000 ( 371)                 .FILL x0000
(30F1) 0041  0000000001000001 ( 372) MESSAGE2        .FILL x0041
(30F2) 0056  0000000001010110 ( 372)                 .FILL x0056
(30F3) 0045  0000000001000101 ( 372)                 .FILL x0045
(30F4) 0052  0000000001010010 ( 372)                 .FILL x0052
(30F5) 0041  0000000001000001 ( 372)                 .FILL x0041
(30F6) 0047  0000000001000111 ( 372)                 .FILL x0047
(30F7) 0045  0000000001000101 ( 372)                 .FILL x0045
(30F8) 0020  0000000000100000 ( 372)                 .FILL x0020
(30F9) 0054  0000000001010100 ( 372)                 .FILL x0054
(30FA) 0045  0000000001000101 ( 372)                 .FILL x0045
(30FB) 0053  0000000001010011 ( 372)                 .FILL x0053
(30FC) 0054  0000000001010100 ( 372)                 .FILL x0054
(30FD) 0020  0000000000100000 ( 372)                 .FILL x0020
(30FE) 0053  0000000001010011 ( 372)                 .FILL x0053
(30FF) 0043  0000000001000011 ( 372)                 .FILL x0043
(3100) 004F  0000000001001111 ( 372)                 .FILL x004F
(3101) 0052  0000000001010010 ( 372)                 .FILL x0052
(3102) 0045  0000000001000101 ( 372)                 .FILL x0045
(3103) 0020  0000000000100000 ( 372)                 .FILL x0020
(3104) 003A  0000000000111010 ( 372)                 .FILL x003A
(3105) 0000  0000000000000000 ( 372)                 .FILL x0000
(3106) 0054  0000000001010100 ( 373) MESSAGE3        .FILL x0054
(3107) 0048  0000000001001000 ( 373)                 .FILL x0048
(3108) 0045  0000000001000101 ( 373)                 .FILL x0045
(3109) 0020  0000000000100000 ( 373)                 .FILL x0020
(310A) 0048  0000000001001000 ( 373)                 .FILL x0048
(310B) 0049  0000000001001001 ( 373)                 .FILL x0049
(310C) 0047  0000000001000111 ( 373)                 .FILL x0047
(310D) 0048  0000000001001000 ( 373)                 .FILL x0048
(310E) 0045  0000000001000101 ( 373)                 .FILL x0045
(310F) 0053  0000000001010011 ( 373)                 .FILL x0053
(3110) 0054  0000000001010100 ( 373)                 .FILL x0054
(3111) 0020  0000000000100000 ( 373)                 .FILL x0020
(3112) 0054  0000000001010100 ( 373)                 .FILL x0054
(3113) 0045  0000000001000101 ( 373)                 .FILL x0045
(3114) 0053  0000000001010011 ( 373)                 .FILL x0053
(3115) 0054  0000000001010100 ( 373)                 .FILL x0054
(3116) 0020  0000000000100000 ( 373)                 .FILL x0020
(3117) 0053  0000000001010011 ( 373)                 .FILL x0053
(3118) 0043  0000000001000011 ( 373)                 .FILL x0043
(3119) 004F  0000000001001111 ( 373)                 .FILL x004F
(311A) 0052  0000000001010010 ( 373)                 .FILL x0052
(311B) 0045  0000000001000101 ( 373)                 .FILL x0045
(311C) 0020  0000000000100000 ( 373)                 .FILL x0020
(311D) 003A  0000000000111010 ( 373)                 .FILL x003A
(311E) 0000  0000000000000000 ( 373)                 .FILL x0000
(311F) 0054  0000000001010100 ( 374) MESSAGE4        .FILL x0054
(3120) 0048  0000000001001000 ( 374)                 .FILL x0048
(3121) 0045  0000000001000101 ( 374)                 .FILL x0045
(3122) 0020  0000000000100000 ( 374)                 .FILL x0020
(3123) 004C  0000000001001100 ( 374)                 .FILL x004C
(3124) 004F  0000000001001111 ( 374)                 .FILL x004F
(3125) 0057  0000000001010111 ( 374)                 .FILL x0057
(3126) 0045  0000000001000101 ( 374)                 .FILL x0045
(3127) 0053  0000000001010011 ( 374)                 .FILL x0053
(3128) 0054  0000000001010100 ( 374)                 .FILL x0054
(3129) 0020  0000000000100000 ( 374)                 .FILL x0020
(312A) 0054  0000000001010100 ( 374)                 .FILL x0054
(312B) 0045  0000000001000101 ( 374)                 .FILL x0045
(312C) 0053  0000000001010011 ( 374)                 .FILL x0053
(312D) 0054  0000000001010100 ( 374)                 .FILL x0054
(312E) 0020  0000000000100000 ( 374)                 .FILL x0020
(312F) 0053  0000000001010011 ( 374)                 .FILL x0053
(3130) 0043  0000000001000011 ( 374)                 .FILL x0043
(3131) 004F  0000000001001111 ( 374)                 .FILL x004F
(3132) 0052  0000000001010010 ( 374)                 .FILL x0052
(3133) 0045  0000000001000101 ( 374)                 .FILL x0045
(3134) 0020  0000000000100000 ( 374)                 .FILL x0020
(3135) 003A  0000000000111010 ( 374)                 .FILL x003A
(3136) 0000  0000000000000000 ( 374)                 .FILL x0000
(3137) 000A  0000000000001010 ( 380) LF              .FILL x000A
(3138) 0046  0000000001000110 ( 384) STRINGZ_ARRAY   .FILL x0046
(3139) 0000  0000000000000000 ( 384)                 .FILL x0000
(313A) 0046  0000000001000110 ( 385)                 .FILL x0046
(313B) 0000  0000000000000000 ( 385)                 .FILL x0000
(313C) 0046  0000000001000110 ( 386)                 .FILL x0046
(313D) 0000  0000000000000000 ( 386)                 .FILL x0000
(313E) 0046  0000000001000110 ( 387)                 .FILL x0046
(313F) 0000  0000000000000000 ( 387)                 .FILL x0000
(3140) 0046  0000000001000110 ( 388)                 .FILL x0046
(3141) 0000  0000000000000000 ( 388)                 .FILL x0000
(3142) 0046  0000000001000110 ( 389)                 .FILL x0046
(3143) 0000  0000000000000000 ( 389)                 .FILL x0000
(3144) 0044  0000000001000100 ( 390)                 .FILL x0044
(3145) 0000  0000000000000000 ( 390)                 .FILL x0000
(3146) 0043  0000000001000011 ( 391)                 .FILL x0043
(3147) 0000  0000000000000000 ( 391)                 .FILL x0000
(3148) 0042  0000000001000010 ( 392)                 .FILL x0042
(3149) 0000  0000000000000000 ( 392)                 .FILL x0000
(314A) 0041  0000000001000001 ( 393)                 .FILL x0041
(314B) 0000  0000000000000000 ( 393)                 .FILL x0000
